2025-03-08 17:34:36 +03:00: 
2025-03-08 17:34:36 +03:00: > furkangulabi-portfolio-v2@0.1.0 start
2025-03-08 17:34:36 +03:00: > next start
2025-03-08 17:34:36 +03:00: 
2025-03-08 17:34:37 +03:00:    ▲ Next.js 15.2.0
2025-03-08 17:34:37 +03:00:    - Local:        http://localhost:3001
2025-03-08 17:34:37 +03:00:    - Network:      http://192.168.1.165:3001
2025-03-08 17:34:37 +03:00: 
2025-03-08 17:34:37 +03:00:  ✓ Starting...
2025-03-08 17:34:38 +03:00:  ✓ Ready in 1663ms
2025-03-08 17:39:19 +03:00: 
2025-03-08 17:39:19 +03:00: > furkangulabi-portfolio-v2@0.1.0 start
2025-03-08 17:39:19 +03:00: > next start
2025-03-08 17:39:19 +03:00: 
2025-03-08 17:39:20 +03:00:    ▲ Next.js 15.2.0
2025-03-08 17:39:20 +03:00:    - Local:        http://localhost:3001
2025-03-08 17:39:20 +03:00:    - Network:      http://192.168.1.165:3001
2025-03-08 17:39:20 +03:00: 
2025-03-08 17:39:20 +03:00:  ✓ Starting...
2025-03-08 17:39:21 +03:00:  ✓ Ready in 1800ms
2025-03-08 17:39:26 +03:00: 
2025-03-08 17:39:26 +03:00: > furkangulabi-portfolio-v2@0.1.0 start
2025-03-08 17:39:26 +03:00: > next start
2025-03-08 17:39:26 +03:00: 
2025-03-08 17:39:27 +03:00:    ▲ Next.js 15.2.0
2025-03-08 17:39:27 +03:00:    - Local:        http://localhost:3001
2025-03-08 17:39:27 +03:00:    - Network:      http://192.168.1.165:3001
2025-03-08 17:39:27 +03:00: 
2025-03-08 17:39:27 +03:00:  ✓ Starting...
2025-03-08 17:39:28 +03:00:  ✓ Ready in 1553ms
2025-03-08 17:41:08 +03:00: 
2025-03-08 17:41:08 +03:00: > furkangulabi-portfolio-v2@0.1.0 start
2025-03-08 17:41:08 +03:00: > next start
2025-03-08 17:41:08 +03:00: 
2025-03-08 17:41:08 +03:00:    ▲ Next.js 15.2.0
2025-03-08 17:41:08 +03:00:    - Local:        http://localhost:3001
2025-03-08 17:41:08 +03:00:    - Network:      http://192.168.1.165:3001
2025-03-08 17:41:08 +03:00: 
2025-03-08 17:41:08 +03:00:  ✓ Starting...
2025-03-08 17:41:09 +03:00:  ✓ Ready in 935ms
2025-03-08 17:41:22 +03:00: 
2025-03-08 17:41:22 +03:00: > furkangulabi-portfolio-v2@0.1.0 start
2025-03-08 17:41:22 +03:00: > next start
2025-03-08 17:41:22 +03:00: 
2025-03-08 17:41:23 +03:00:    ▲ Next.js 15.2.0
2025-03-08 17:41:23 +03:00:    - Local:        http://localhost:3001
2025-03-08 17:41:23 +03:00:    - Network:      http://192.168.1.165:3001
2025-03-08 17:41:23 +03:00: 
2025-03-08 17:41:23 +03:00:  ✓ Starting...
2025-03-08 17:41:23 +03:00:  ✓ Ready in 812ms
2025-03-08 17:41:32 +03:00: 
2025-03-08 17:41:32 +03:00: > furkangulabi-portfolio-v2@0.1.0 start
2025-03-08 17:41:32 +03:00: > next start
2025-03-08 17:41:32 +03:00: 
2025-03-08 17:41:33 +03:00:    ▲ Next.js 15.2.0
2025-03-08 17:41:33 +03:00:    - Local:        http://localhost:3001
2025-03-08 17:41:33 +03:00:    - Network:      http://192.168.1.165:3001
2025-03-08 17:41:33 +03:00: 
2025-03-08 17:41:33 +03:00:  ✓ Starting...
2025-03-08 17:41:33 +03:00:  ✓ Ready in 1072ms
2025-03-08 17:43:20 +03:00: 
2025-03-08 17:43:20 +03:00: > furkangulabi-portfolio-v2@0.1.0 start
2025-03-08 17:43:20 +03:00: > next start
2025-03-08 17:43:20 +03:00: 
2025-03-08 17:43:22 +03:00:    ▲ Next.js 15.2.0
2025-03-08 17:43:22 +03:00:    - Local:        http://localhost:3001
2025-03-08 17:43:22 +03:00:    - Network:      http://192.168.1.165:3001
2025-03-08 17:43:22 +03:00: 
2025-03-08 17:43:22 +03:00:  ✓ Starting...
2025-03-08 17:43:26 +03:00:  ✓ Ready in 4.9s
2025-03-08 18:08:07 +03:00: 
2025-03-08 18:08:07 +03:00: > furkangulabi-portfolio-v2@0.1.0 start
2025-03-08 18:08:07 +03:00: > next start
2025-03-08 18:08:07 +03:00: 
2025-03-08 18:08:10 +03:00:    ▲ Next.js 15.2.0
2025-03-08 18:08:10 +03:00:    - Local:        http://localhost:3001
2025-03-08 18:08:10 +03:00:    - Network:      http://192.168.1.165:3001
2025-03-08 18:08:10 +03:00: 
2025-03-08 18:08:10 +03:00:  ✓ Starting...
2025-03-08 18:08:13 +03:00:  ✓ Ready in 5.5s
2025-03-08 18:09:31 +03:00: 
2025-03-08 18:09:31 +03:00: > furkangulabi-portfolio-v2@0.1.0 start
2025-03-08 18:09:31 +03:00: > next start
2025-03-08 18:09:31 +03:00: 
2025-03-08 18:09:34 +03:00:    ▲ Next.js 15.2.0
2025-03-08 18:09:34 +03:00:    - Local:        http://localhost:3001
2025-03-08 18:09:34 +03:00:    - Network:      http://192.168.1.165:3001
2025-03-08 18:09:34 +03:00: 
2025-03-08 18:09:34 +03:00:  ✓ Starting...
2025-03-08 18:09:37 +03:00:  ✓ Ready in 5.4s
2025-03-08 23:27:10 +03:00: 
2025-03-08 23:27:10 +03:00: > furkangulabi-portfolio-v2@0.1.0 start
2025-03-08 23:27:10 +03:00: > next start
2025-03-08 23:27:10 +03:00: 
2025-03-08 23:27:12 +03:00:    ▲ Next.js 15.2.0
2025-03-08 23:27:12 +03:00:    - Local:        http://localhost:3001
2025-03-08 23:27:12 +03:00: 
2025-03-08 23:27:12 +03:00:  ✓ Starting...
2025-03-08 23:27:15 +03:00:  ✓ Ready in 4.1s
2025-03-11 18:52:05 +03:00: 
2025-03-11 18:52:05 +03:00: > furkangulabi-portfolio-v2@0.1.0 start
2025-03-11 18:52:05 +03:00: > next start
2025-03-11 18:52:05 +03:00: 
2025-03-11 18:52:08 +03:00:    ▲ Next.js 15.2.0
2025-03-11 18:52:08 +03:00:    - Local:        http://localhost:3001
2025-03-11 18:52:08 +03:00:    - Network:      http://192.168.1.165:3001
2025-03-11 18:52:08 +03:00: 
2025-03-11 18:52:08 +03:00:  ✓ Starting...
2025-03-11 18:52:12 +03:00:  ✓ Ready in 5.8s
2025-03-17 17:43:17 +03:00: 
2025-03-17 17:43:17 +03:00: > furkangulabi-portfolio-v2@0.1.0 start
2025-03-17 17:43:17 +03:00: > next start
2025-03-17 17:43:17 +03:00: 
2025-03-17 17:43:19 +03:00:    ▲ Next.js 15.2.0
2025-03-17 17:43:19 +03:00:    - Local:        http://localhost:3001
2025-03-17 17:43:19 +03:00: 
2025-03-17 17:43:19 +03:00:  ✓ Starting...
2025-03-17 17:43:22 +03:00:  ✓ Ready in 3.9s
2025-03-17 21:26:06 +03:00: 
2025-03-17 21:26:06 +03:00: > furkangulabi-portfolio-v2@0.1.0 start
2025-03-17 21:26:06 +03:00: > next start
2025-03-17 21:26:06 +03:00: 
2025-03-17 21:26:09 +03:00:    ▲ Next.js 15.2.0
2025-03-17 21:26:09 +03:00:    - Local:        http://localhost:3001
2025-03-17 21:26:09 +03:00: 
2025-03-17 21:26:09 +03:00:  ✓ Starting...
2025-03-17 21:26:11 +03:00:  ✓ Ready in 4.1s
2025-03-19 19:15:38 +03:00: 
2025-03-19 19:15:38 +03:00: > furkangulabi-portfolio-v2@0.1.0 start
2025-03-19 19:15:38 +03:00: > next start
2025-03-19 19:15:38 +03:00: 
2025-03-19 19:15:40 +03:00:    ▲ Next.js 15.2.0
2025-03-19 19:15:40 +03:00:    - Local:        http://localhost:3001
2025-03-19 19:15:40 +03:00: 
2025-03-19 19:15:40 +03:00:  ✓ Starting...
2025-03-19 19:15:43 +03:00:  ✓ Ready in 4.2s
2025-03-19 19:16:38 +03:00: 
2025-03-19 19:16:38 +03:00: > furkangulabi-portfolio-v2@0.1.0 start
2025-03-19 19:16:38 +03:00: > next start
2025-03-19 19:16:38 +03:00: 
2025-03-19 19:16:40 +03:00:    ▲ Next.js 15.2.0
2025-03-19 19:16:40 +03:00:    - Local:        http://localhost:3001
2025-03-19 19:16:40 +03:00: 
2025-03-19 19:16:40 +03:00:  ✓ Starting...
2025-03-19 19:16:43 +03:00:  ✓ Ready in 4.2s
2025-03-19 19:20:51 +03:00: 
2025-03-19 19:20:51 +03:00: > furkangulabi-portfolio-v2@0.1.0 start
2025-03-19 19:20:51 +03:00: > next start
2025-03-19 19:20:51 +03:00: 
2025-03-19 19:20:54 +03:00:    ▲ Next.js 15.2.0
2025-03-19 19:20:54 +03:00:    - Local:        http://localhost:3001
2025-03-19 19:20:54 +03:00: 
2025-03-19 19:20:54 +03:00:  ✓ Starting...
2025-03-19 19:20:56 +03:00:  ✓ Ready in 4.1s
2025-03-19 19:23:15 +03:00: 
2025-03-19 19:23:15 +03:00: > furkangulabi-portfolio-v2@0.1.0 start
2025-03-19 19:23:15 +03:00: > next start
2025-03-19 19:23:15 +03:00: 
2025-03-19 19:23:18 +03:00:    ▲ Next.js 15.2.0
2025-03-19 19:23:18 +03:00:    - Local:        http://localhost:3001
2025-03-19 19:23:18 +03:00:    - Network:      http://192.168.1.165:3001
2025-03-19 19:23:18 +03:00: 
2025-03-19 19:23:18 +03:00:  ✓ Starting...
2025-03-19 19:23:22 +03:00:  ✓ Ready in 5.9s
2025-03-19 19:27:18 +03:00: 
2025-03-19 19:27:18 +03:00: > furkangulabi-portfolio-v2@0.1.0 start
2025-03-19 19:27:18 +03:00: > next start
2025-03-19 19:27:18 +03:00: 
2025-03-19 19:27:21 +03:00:    ▲ Next.js 15.2.0
2025-03-19 19:27:21 +03:00:    - Local:        http://localhost:3001
2025-03-19 19:27:21 +03:00:    - Network:      http://192.168.1.165:3001
2025-03-19 19:27:21 +03:00: 
2025-03-19 19:27:21 +03:00:  ✓ Starting...
2025-03-19 19:27:26 +03:00:  ✓ Ready in 6s
2025-03-19 19:36:40 +03:00: 
2025-03-19 19:36:40 +03:00: > furkangulabi-portfolio-v2@0.1.0 start
2025-03-19 19:36:40 +03:00: > next start
2025-03-19 19:36:40 +03:00: 
2025-03-19 19:36:42 +03:00:    ▲ Next.js 15.2.0
2025-03-19 19:36:42 +03:00:    - Local:        http://localhost:3001
2025-03-19 19:36:42 +03:00:    - Network:      http://192.168.1.165:3001
2025-03-19 19:36:42 +03:00: 
2025-03-19 19:36:42 +03:00:  ✓ Starting...
2025-03-19 19:36:47 +03:00:  ✓ Ready in 6.1s
2025-03-19 19:45:15 +03:00: 
2025-03-19 19:45:15 +03:00: > furkangulabi-portfolio-v2@0.1.0 start
2025-03-19 19:45:15 +03:00: > next start
2025-03-19 19:45:15 +03:00: 
2025-03-19 19:45:15 +03:00:    ▲ Next.js 15.2.0
2025-03-19 19:45:15 +03:00:    - Local:        http://localhost:3001
2025-03-19 19:45:15 +03:00:    - Network:      http://192.168.1.165:3001
2025-03-19 19:45:15 +03:00: 
2025-03-19 19:45:15 +03:00:  ✓ Starting...
2025-03-19 19:45:16 +03:00:  ✓ Ready in 1133ms
2025-03-19 19:47:04 +03:00: 
2025-03-19 19:47:04 +03:00: > furkangulabi-portfolio-v2@0.1.0 start
2025-03-19 19:47:04 +03:00: > next start
2025-03-19 19:47:04 +03:00: 
2025-03-19 19:47:05 +03:00:    ▲ Next.js 15.2.0
2025-03-19 19:47:05 +03:00:    - Local:        http://localhost:3001
2025-03-19 19:47:05 +03:00:    - Network:      http://192.168.1.165:3001
2025-03-19 19:47:05 +03:00: 
2025-03-19 19:47:05 +03:00:  ✓ Starting...
2025-03-19 19:47:06 +03:00:  ✓ Ready in 1822ms
2025-03-19 19:48:35 +03:00: 
2025-03-19 19:48:35 +03:00: > furkangulabi-portfolio-v2@0.1.0 start
2025-03-19 19:48:35 +03:00: > next start
2025-03-19 19:48:35 +03:00: 
2025-03-19 19:48:38 +03:00:    ▲ Next.js 15.2.0
2025-03-19 19:48:38 +03:00:    - Local:        http://localhost:3001
2025-03-19 19:48:38 +03:00:    - Network:      http://192.168.1.165:3001
2025-03-19 19:48:38 +03:00: 
2025-03-19 19:48:38 +03:00:  ✓ Starting...
2025-03-19 19:48:42 +03:00:  ✓ Ready in 6.2s
2025-03-19 19:51:09 +03:00: 
2025-03-19 19:51:09 +03:00: > furkangulabi-portfolio-v2@0.1.0 start
2025-03-19 19:51:09 +03:00: > next start
2025-03-19 19:51:09 +03:00: 
2025-03-19 19:51:12 +03:00:    ▲ Next.js 15.2.0
2025-03-19 19:51:12 +03:00:    - Local:        http://localhost:3001
2025-03-19 19:51:12 +03:00:    - Network:      http://192.168.1.165:3001
2025-03-19 19:51:12 +03:00: 
2025-03-19 19:51:12 +03:00:  ✓ Starting...
2025-03-19 19:51:16 +03:00:  ✓ Ready in 5.9s
2025-03-19 19:53:38 +03:00: 
2025-03-19 19:53:38 +03:00: > furkangulabi-portfolio-v2@0.1.0 start
2025-03-19 19:53:38 +03:00: > next start
2025-03-19 19:53:38 +03:00: 
2025-03-19 19:53:39 +03:00:    ▲ Next.js 15.2.0
2025-03-19 19:53:39 +03:00:    - Local:        http://localhost:3001
2025-03-19 19:53:39 +03:00:    - Network:      http://192.168.1.165:3001
2025-03-19 19:53:39 +03:00: 
2025-03-19 19:53:39 +03:00:  ✓ Starting...
2025-03-19 19:53:40 +03:00:  ✓ Ready in 1254ms
2025-03-19 19:54:31 +03:00: 
2025-03-19 19:54:31 +03:00: > furkangulabi-portfolio-v2@0.1.0 start
2025-03-19 19:54:31 +03:00: > next start
2025-03-19 19:54:31 +03:00: 
2025-03-19 19:54:34 +03:00:    ▲ Next.js 15.2.0
2025-03-19 19:54:34 +03:00:    - Local:        http://localhost:3001
2025-03-19 19:54:34 +03:00:    - Network:      http://192.168.1.165:3001
2025-03-19 19:54:34 +03:00: 
2025-03-19 19:54:34 +03:00:  ✓ Starting...
2025-03-19 19:54:39 +03:00:  ✓ Ready in 6.5s
2025-03-19 20:06:49 +03:00: 
2025-03-19 20:06:49 +03:00: > furkangulabi-portfolio-v2@0.1.0 start
2025-03-19 20:06:49 +03:00: > next start
2025-03-19 20:06:49 +03:00: 
2025-03-19 20:06:52 +03:00:    ▲ Next.js 15.2.0
2025-03-19 20:06:52 +03:00:    - Local:        http://localhost:3001
2025-03-19 20:06:52 +03:00:    - Network:      http://192.168.1.165:3001
2025-03-19 20:06:52 +03:00: 
2025-03-19 20:06:52 +03:00:  ✓ Starting...
2025-03-19 20:06:56 +03:00:  ✓ Ready in 5.9s
2025-03-23 18:19:02 +03:00: 
2025-03-23 18:19:02 +03:00: > furkangulabi-portfolio-v2@0.1.0 start
2025-03-23 18:19:02 +03:00: > next start
2025-03-23 18:19:02 +03:00: 
2025-03-23 18:19:03 +03:00:    ▲ Next.js 15.2.0
2025-03-23 18:19:03 +03:00:    - Local:        http://localhost:3001
2025-03-23 18:19:03 +03:00:    - Network:      http://192.168.1.165:3001
2025-03-23 18:19:03 +03:00: 
2025-03-23 18:19:03 +03:00:  ✓ Starting...
2025-03-23 18:19:03 +03:00:  ✓ Ready in 584ms
2025-03-23 18:41:51 +03:00: 
2025-03-23 18:41:51 +03:00: > furkangulabi-portfolio-v2@0.1.0 start
2025-03-23 18:41:51 +03:00: > next start
2025-03-23 18:41:51 +03:00: 
2025-03-23 18:41:52 +03:00:    ▲ Next.js 15.2.0
2025-03-23 18:41:52 +03:00:    - Local:        http://localhost:3001
2025-03-23 18:41:52 +03:00:    - Network:      http://192.168.1.165:3001
2025-03-23 18:41:52 +03:00: 
2025-03-23 18:41:52 +03:00:  ✓ Starting...
2025-03-23 18:41:53 +03:00:  ✓ Ready in 1958ms
2025-03-23 18:51:58 +03:00: 
2025-03-23 18:51:58 +03:00: > furkangulabi-portfolio-v2@0.1.0 start
2025-03-23 18:51:58 +03:00: > next start
2025-03-23 18:51:58 +03:00: 
2025-03-23 18:51:59 +03:00:    ▲ Next.js 15.2.0
2025-03-23 18:51:59 +03:00:    - Local:        http://localhost:3001
2025-03-23 18:51:59 +03:00:    - Network:      http://192.168.1.165:3001
2025-03-23 18:51:59 +03:00: 
2025-03-23 18:51:59 +03:00:  ✓ Starting...
2025-03-23 18:52:00 +03:00:  ✓ Ready in 1860ms
2025-03-23 18:52:52 +03:00: 
2025-03-23 18:52:52 +03:00: > furkangulabi-portfolio-v2@0.1.0 start
2025-03-23 18:52:52 +03:00: > next start
2025-03-23 18:52:52 +03:00: 
2025-03-23 18:52:54 +03:00:    ▲ Next.js 15.2.0
2025-03-23 18:52:54 +03:00:    - Local:        http://localhost:3001
2025-03-23 18:52:54 +03:00:    - Network:      http://192.168.1.165:3001
2025-03-23 18:52:54 +03:00: 
2025-03-23 18:52:54 +03:00:  ✓ Starting...
2025-03-23 18:52:55 +03:00:  ✓ Ready in 2.1s
